<?xml version="1.0" encoding="UTF-8"?>
<!-- Generated by org.testng.reporters.JUnitXMLReporter -->
<testsuite hostname="Digvijay-PC" ignored="0" name="Default test" tests="6" failures="0" timestamp="24 Jun 2018 10:28:35 GMT" time="13.936" errors="0">
  <testcase name="Step01_Launch_HomePage" time="1.797" classname="testClasses.TatocBasic"/>
  <testcase name="Step02_Launch_GridGatePage" time="0.77" classname="testClasses.TatocBasic"/>
  <testcase name="Step03_Launch_FrameDungeonPage" time="3.8" classname="testClasses.TatocBasic"/>
  <testcase name="Step04_Launch_DragAround" time="0.638" classname="testClasses.TatocBasic"/>
  <testcase name="Step05_Launch_PopupWindows" time="1.914" classname="testClasses.TatocBasic"/>
  <testcase name="Step06_Launch_CookieHandling" time="0.601" classname="testClasses.TatocBasic"/>
</testsuite> <!-- Default test -->
