<?xml version="1.0" encoding="UTF-8"?>
<testng-results skipped="0" failed="0" ignored="0" total="2" passed="2">
  <reporter-output>
  </reporter-output>
  <suite name="Default suite" duration-ms="3615" started-at="2018-06-22T13:10:47Z" finished-at="2018-06-22T13:10:51Z">
    <groups>
    </groups>
    <test name="Default test" duration-ms="3615" started-at="2018-06-22T13:10:47Z" finished-at="2018-06-22T13:10:51Z">
      <class name="testClasses.TatocBasic">
        <test-method status="PASS" signature="initVars()[pri:0, instance:testClasses.TatocBasic@6f7fd0e6]" name="initVars" is-config="true" duration-ms="2078" started-at="2018-06-22T13:10:47Z" finished-at="2018-06-22T13:10:49Z">
          <reporter-output>
          </reporter-output>
        </test-method> <!-- initVars -->
        <test-method status="PASS" signature="Step01_Launch_HomePage()[pri:0, instance:testClasses.TatocBasic@6f7fd0e6]" name="Step01_Launch_HomePage" duration-ms="949" started-at="2018-06-22T13:10:49Z" finished-at="2018-06-22T13:10:50Z">
          <reporter-output>
          </reporter-output>
        </test-method> <!-- Step01_Launch_HomePage -->
        <test-method status="PASS" signature="Step02_Launch_GridGatePage()[pri:0, instance:testClasses.TatocBasic@6f7fd0e6]" name="Step02_Launch_GridGatePage" duration-ms="334" started-at="2018-06-22T13:10:50Z" depends-on-methods="testClasses.TatocBasic.Step01_Launch_HomePage" finished-at="2018-06-22T13:10:50Z">
          <reporter-output>
          </reporter-output>
        </test-method> <!-- Step02_Launch_GridGatePage -->
        <test-method status="PASS" signature="closeBrowser()[pri:0, instance:testClasses.TatocBasic@6f7fd0e6]" name="closeBrowser" is-config="true" duration-ms="204" started-at="2018-06-22T13:10:50Z" finished-at="2018-06-22T13:10:51Z">
          <reporter-output>
          </reporter-output>
        </test-method> <!-- closeBrowser -->
      </class> <!-- testClasses.TatocBasic -->
    </test> <!-- Default test -->
  </suite> <!-- Default suite -->
</testng-results>
